Copyright 1986-2019 Xilinx, Inc. All Rights Reserved.
---------------------------------------------------------------------------------------------------------------------------------------------------------------------------------------------------------------------------------------------------
| Tool Version : Vivado v.2019.2 (lin64) Build 2700185 Thu Oct 24 18:45:48 MDT 2019
| Date         : Thu Apr 30 00:25:48 2020
| Host         : ip-172-31-79-116.ec2.internal running 64-bit CentOS Linux release 7.7.1908 (Core)
| Command      : report_accelerator_utilization -kernels { bxy_ur_16_opt_accel_bxy_ur_16_opt_accel:WRAPPER_INST/CL/bxy_ur_16_opt_accel_1/inst:bxy_ur_16_opt_accel_1} -file ../../../output/kernel_util_synthed.rpt -name kernel_util_synthed -json
| Design       : top_sp
| Device       : xcvu9p
| Design State : Synthesized
---------------------------------------------------------------------------------------------------------------------------------------------------------------------------------------------------------------------------------------------------

Accelerator Utilization Design Information

Table of Contents
-----------------
1. System Utilization

1. System Utilization
---------------------

+-----------------------------------------+------------------+------------------+-------------------+----------------+---------------+----------------+
| Name                                    | LUT              | LUTAsMem         | REG               | BRAM           | URAM          | DSP            |
+-----------------------------------------+------------------+------------------+-------------------+----------------+---------------+----------------+
| Platform                                | 189797 [ 16.06%] |  19702 [  3.33%] |  236824 [ 10.02%] |  214 [  9.91%] |  43 [  4.48%] |    3 [  0.04%] |
| User Budget                             | 991971 [100.00%] | 572138 [100.00%] | 2126712 [100.00%] | 1946 [100.00%] | 917 [100.00%] | 6837 [100.00%] |
|    Used Resources                       |   8341 [  0.84%] |    710 [  0.12%] |   10219 [  0.48%] |   24 [  1.23%] |   0 [  0.00%] |   32 [  0.47%] |
|    Unused Resources                     | 983630 [ 99.16%] | 571428 [ 99.88%] | 2116493 [ 99.52%] | 1922 [ 98.77%] | 917 [100.00%] | 6805 [ 99.53%] |
| bxy_ur_16_opt_accel_bxy_ur_16_opt_accel |   8341 [  0.84%] |    710 [  0.12%] |   10219 [  0.48%] |   24 [  1.23%] |   0 [  0.00%] |   32 [  0.47%] |
|    bxy_ur_16_opt_accel_1                |   8341 [  0.84%] |    710 [  0.12%] |   10219 [  0.48%] |   24 [  1.23%] |   0 [  0.00%] |   32 [  0.47%] |
+-----------------------------------------+------------------+------------------+-------------------+----------------+---------------+----------------+


