Copyright 1986-2019 Xilinx, Inc. All Rights Reserved.
-------------------------------------------------------------------------------------------------------------------------------------------------------------------------------------------------------------------------------------------------
| Tool Version : Vivado v.2019.2 (lin64) Build 2700185 Thu Oct 24 18:45:48 MDT 2019
| Date         : Thu Apr 30 01:12:13 2020
| Host         : ip-172-31-79-116.ec2.internal running 64-bit CentOS Linux release 7.7.1908 (Core)
| Command      : report_accelerator_utilization -kernels { bxy_ur_16_opt_accel_bxy_ur_16_opt_accel:WRAPPER_INST/CL/bxy_ur_16_opt_accel_1/inst:bxy_ur_16_opt_accel_1} -file ../../../output/kernel_util_routed.rpt -name kernel_util_routed -json
| Design       : top_sp
| Device       : xcvu9p
| Design State : Routed
-------------------------------------------------------------------------------------------------------------------------------------------------------------------------------------------------------------------------------------------------

Accelerator Utilization Design Information

Table of Contents
-----------------
1. System Utilization

1. System Utilization
---------------------

+-----------------------------------------+-------------------+------------------+-------------------+----------------+---------------+----------------+
| Name                                    | LUT               | LUTAsMem         | REG               | BRAM           | URAM          | DSP            |
+-----------------------------------------+-------------------+------------------+-------------------+----------------+---------------+----------------+
| Platform                                |  168277 [ 14.24%] |  17724 [  2.99%] |  233727 [  9.89%] |  214 [  9.91%] |  43 [  4.48%] |    3 [  0.04%] |
| User Budget                             | 1013491 [100.00%] | 574116 [100.00%] | 2129809 [100.00%] | 1946 [100.00%] | 917 [100.00%] | 6837 [100.00%] |
|    Used Resources                       |    8030 [  0.79%] |    469 [  0.08%] |   10104 [  0.47%] |   24 [  1.23%] |   0 [  0.00%] |   32 [  0.47%] |
|    Unused Resources                     | 1005461 [ 99.21%] | 573647 [ 99.92%] | 2119705 [ 99.53%] | 1922 [ 98.77%] | 917 [100.00%] | 6805 [ 99.53%] |
| bxy_ur_16_opt_accel_bxy_ur_16_opt_accel |    8030 [  0.79%] |    469 [  0.08%] |   10104 [  0.47%] |   24 [  1.23%] |   0 [  0.00%] |   32 [  0.47%] |
|    bxy_ur_16_opt_accel_1                |    8030 [  0.79%] |    469 [  0.08%] |   10104 [  0.47%] |   24 [  1.23%] |   0 [  0.00%] |   32 [  0.47%] |
+-----------------------------------------+-------------------+------------------+-------------------+----------------+---------------+----------------+


