Copyright 1986-2019 Xilinx, Inc. All Rights Reserved.
-------------------------------------------------------------------------------------------------------------------------------------------------------------------------------------------------------------------------------------------------
| Tool Version : Vivado v.2019.2 (lin64) Build 2700185 Thu Oct 24 18:45:48 MDT 2019
| Date         : Tue Apr 28 20:38:35 2020
| Host         : ip-172-31-75-161.ec2.internal running 64-bit CentOS Linux release 7.7.1908 (Core)
| Command      : report_accelerator_utilization -kernels { bxy_ur_1_opt_kernel_bxy_ur_1_opt_kernel:WRAPPER_INST/CL/bxy_ur_1_opt_kernel_1/inst:bxy_ur_1_opt_kernel_1} -file ../../../output/kernel_util_routed.rpt -name kernel_util_routed -json
| Design       : top_sp
| Device       : xcvu9p
| Design State : Routed
-------------------------------------------------------------------------------------------------------------------------------------------------------------------------------------------------------------------------------------------------

Accelerator Utilization Design Information

Table of Contents
-----------------
1. System Utilization

1. System Utilization
---------------------

+-----------------------------------------+-------------------+------------------+-------------------+----------------+---------------+----------------+
| Name                                    | LUT               | LUTAsMem         | REG               | BRAM           | URAM          | DSP            |
+-----------------------------------------+-------------------+------------------+-------------------+----------------+---------------+----------------+
| Platform                                |  169200 [ 14.32%] |  18164 [  3.07%] |  234132 [  9.91%] |  214 [  9.91%] |  43 [  4.48%] |    3 [  0.04%] |
| User Budget                             | 1012568 [100.00%] | 573676 [100.00%] | 2129404 [100.00%] | 1946 [100.00%] | 917 [100.00%] | 6837 [100.00%] |
|    Used Resources                       |    2359 [  0.23%] |    471 [  0.08%] |    2928 [  0.14%] |    3 [  0.15%] |   0 [  0.00%] |    2 [  0.03%] |
|    Unused Resources                     | 1010209 [ 99.77%] | 573205 [ 99.92%] | 2126476 [ 99.86%] | 1943 [ 99.85%] | 917 [100.00%] | 6835 [ 99.97%] |
| bxy_ur_1_opt_kernel_bxy_ur_1_opt_kernel |    2359 [  0.23%] |    471 [  0.08%] |    2928 [  0.14%] |    3 [  0.15%] |   0 [  0.00%] |    2 [  0.03%] |
|    bxy_ur_1_opt_kernel_1                |    2359 [  0.23%] |    471 [  0.08%] |    2928 [  0.14%] |    3 [  0.15%] |   0 [  0.00%] |    2 [  0.03%] |
+-----------------------------------------+-------------------+------------------+-------------------+----------------+---------------+----------------+


