Copyright 1986-2019 Xilinx, Inc. All Rights Reserved.
-----------------------------------------------------------------------------------------------------------------------------------------------------------------------------------------------------------------------------------------------
| Tool Version : Vivado v.2019.2 (lin64) Build 2700185 Thu Oct 24 18:45:48 MDT 2019
| Date         : Tue Apr 28 23:53:16 2020
| Host         : ip-172-31-93-255.ec2.internal running 64-bit CentOS Linux release 7.7.1908 (Core)
| Command      : report_accelerator_utilization -kernels { bxy_ur_1_opt_accel_bxy_ur_1_opt_accel:WRAPPER_INST/CL/bxy_ur_1_opt_accel_1/inst:bxy_ur_1_opt_accel_1} -file ../../../output/kernel_util_synthed.rpt -name kernel_util_synthed -json
| Design       : top_sp
| Device       : xcvu9p
| Design State : Synthesized
-----------------------------------------------------------------------------------------------------------------------------------------------------------------------------------------------------------------------------------------------

Accelerator Utilization Design Information

Table of Contents
-----------------
1. System Utilization

1. System Utilization
---------------------

+---------------------------------------+------------------+------------------+-------------------+----------------+---------------+----------------+
| Name                                  | LUT              | LUTAsMem         | REG               | BRAM           | URAM          | DSP            |
+---------------------------------------+------------------+------------------+-------------------+----------------+---------------+----------------+
| Platform                              | 189335 [ 16.02%] |  19710 [  3.33%] |  235882 [  9.98%] |  214 [  9.91%] |  43 [  4.48%] |    3 [  0.04%] |
| User Budget                           | 992433 [100.00%] | 572130 [100.00%] | 2127654 [100.00%] | 1946 [100.00%] | 917 [100.00%] | 6837 [100.00%] |
|    Used Resources                     |   1979 [  0.20%] |    253 [  0.04%] |    2891 [  0.14%] |    3 [  0.15%] |   0 [  0.00%] |    2 [  0.03%] |
|    Unused Resources                   | 990454 [ 99.80%] | 571877 [ 99.96%] | 2124763 [ 99.86%] | 1943 [ 99.85%] | 917 [100.00%] | 6835 [ 99.97%] |
| bxy_ur_1_opt_accel_bxy_ur_1_opt_accel |   1979 [  0.20%] |    253 [  0.04%] |    2891 [  0.14%] |    3 [  0.15%] |   0 [  0.00%] |    2 [  0.03%] |
|    bxy_ur_1_opt_accel_1               |   1979 [  0.20%] |    253 [  0.04%] |    2891 [  0.14%] |    3 [  0.15%] |   0 [  0.00%] |    2 [  0.03%] |
+---------------------------------------+------------------+------------------+-------------------+----------------+---------------+----------------+


