Copyright 1986-2019 Xilinx, Inc. All Rights Reserved.
---------------------------------------------------------------------------------------------------------------------------------------------------------------------------------------------------------------------------------------------
| Tool Version : Vivado v.2019.2 (lin64) Build 2700185 Thu Oct 24 18:45:48 MDT 2019
| Date         : Wed Apr 29 00:25:59 2020
| Host         : ip-172-31-93-255.ec2.internal running 64-bit CentOS Linux release 7.7.1908 (Core)
| Command      : report_accelerator_utilization -kernels { bxy_ur_1_opt_accel_bxy_ur_1_opt_accel:WRAPPER_INST/CL/bxy_ur_1_opt_accel_1/inst:bxy_ur_1_opt_accel_1} -file ../../../output/kernel_util_placed.rpt -name kernel_util_placed -json
| Design       : top_sp
| Device       : xcvu9p
| Design State : Fully Placed
---------------------------------------------------------------------------------------------------------------------------------------------------------------------------------------------------------------------------------------------

Accelerator Utilization Design Information

Table of Contents
-----------------
1. System Utilization

1. System Utilization
---------------------

+---------------------------------------+-------------------+------------------+-------------------+----------------+---------------+----------------+
| Name                                  | LUT               | LUTAsMem         | REG               | BRAM           | URAM          | DSP            |
+---------------------------------------+-------------------+------------------+-------------------+----------------+---------------+----------------+
| Platform                              |  167846 [ 14.20%] |  17727 [  3.00%] |  232809 [  9.85%] |  214 [  9.91%] |  43 [  4.48%] |    3 [  0.04%] |
| User Budget                           | 1013922 [100.00%] | 574113 [100.00%] | 2130727 [100.00%] | 1946 [100.00%] | 917 [100.00%] | 6837 [100.00%] |
|    Used Resources                     |    1804 [  0.18%] |    131 [  0.02%] |    2776 [  0.13%] |    3 [  0.15%] |   0 [  0.00%] |    2 [  0.03%] |
|    Unused Resources                   | 1012118 [ 99.82%] | 573982 [ 99.98%] | 2127951 [ 99.87%] | 1943 [ 99.85%] | 917 [100.00%] | 6835 [ 99.97%] |
| bxy_ur_1_opt_accel_bxy_ur_1_opt_accel |    1804 [  0.18%] |    131 [  0.02%] |    2776 [  0.13%] |    3 [  0.15%] |   0 [  0.00%] |    2 [  0.03%] |
|    bxy_ur_1_opt_accel_1               |    1804 [  0.18%] |    131 [  0.02%] |    2776 [  0.13%] |    3 [  0.15%] |   0 [  0.00%] |    2 [  0.03%] |
+---------------------------------------+-------------------+------------------+-------------------+----------------+---------------+----------------+


