Copyright 1986-2019 Xilinx, Inc. All Rights Reserved.
---------------------------------------------------------------------------------------------------------------------------------------------------------------------------------------------------------------------------------------------------
| Tool Version : Vivado v.2019.2 (lin64) Build 2700185 Thu Oct 24 18:45:48 MDT 2019
| Date         : Wed Apr 29 04:23:51 2020
| Host         : ip-172-31-28-70.ec2.internal running 64-bit CentOS Linux release 7.7.1908 (Core)
| Command      : report_accelerator_utilization -kernels { bxy_ur_2_opt_kernel_bxy_ur_2_opt_kernel:WRAPPER_INST/CL/bxy_ur_2_opt_kernel_1/inst:bxy_ur_2_opt_kernel_1} -file ../../../output/kernel_util_synthed.rpt -name kernel_util_synthed -json
| Design       : top_sp
| Device       : xcvu9p
| Design State : Synthesized
---------------------------------------------------------------------------------------------------------------------------------------------------------------------------------------------------------------------------------------------------

Accelerator Utilization Design Information

Table of Contents
-----------------
1. System Utilization

1. System Utilization
---------------------

+-----------------------------------------+------------------+------------------+-------------------+----------------+---------------+----------------+
| Name                                    | LUT              | LUTAsMem         | REG               | BRAM           | URAM          | DSP            |
+-----------------------------------------+------------------+------------------+-------------------+----------------+---------------+----------------+
| Platform                                | 191873 [ 16.24%] |  20657 [  3.49%] |  239466 [ 10.13%] |  214 [  9.91%] |  43 [  4.48%] |    3 [  0.04%] |
| User Budget                             | 989895 [100.00%] | 571183 [100.00%] | 2124070 [100.00%] | 1946 [100.00%] | 917 [100.00%] | 6837 [100.00%] |
|    Used Resources                       |   3181 [  0.32%] |    831 [  0.15%] |    3557 [  0.17%] |    4 [  0.21%] |   0 [  0.00%] |    4 [  0.06%] |
|    Unused Resources                     | 986714 [ 99.68%] | 570352 [ 99.85%] | 2120513 [ 99.83%] | 1942 [ 99.79%] | 917 [100.00%] | 6833 [ 99.94%] |
| bxy_ur_2_opt_kernel_bxy_ur_2_opt_kernel |   3181 [  0.32%] |    831 [  0.15%] |    3557 [  0.17%] |    4 [  0.21%] |   0 [  0.00%] |    4 [  0.06%] |
|    bxy_ur_2_opt_kernel_1                |   3181 [  0.32%] |    831 [  0.15%] |    3557 [  0.17%] |    4 [  0.21%] |   0 [  0.00%] |    4 [  0.06%] |
+-----------------------------------------+------------------+------------------+-------------------+----------------+---------------+----------------+


