Copyright 1986-2019 Xilinx, Inc. All Rights Reserved.
-----------------------------------------------------------------------------------------------------------------------------------------------------------------------------------------------------------------------------------------------
| Tool Version : Vivado v.2019.2 (lin64) Build 2700185 Thu Oct 24 18:45:48 MDT 2019
| Date         : Wed Apr 29 03:36:02 2020
| Host         : ip-172-31-28-139.ec2.internal running 64-bit CentOS Linux release 7.7.1908 (Core)
| Command      : report_accelerator_utilization -kernels { bxy_ur_2_opt_accel_bxy_ur_2_opt_accel:WRAPPER_INST/CL/bxy_ur_2_opt_accel_1/inst:bxy_ur_2_opt_accel_1} -file ../../../output/kernel_util_synthed.rpt -name kernel_util_synthed -json
| Design       : top_sp
| Device       : xcvu9p
| Design State : Synthesized
-----------------------------------------------------------------------------------------------------------------------------------------------------------------------------------------------------------------------------------------------

Accelerator Utilization Design Information

Table of Contents
-----------------
1. System Utilization

1. System Utilization
---------------------

+---------------------------------------+------------------+------------------+-------------------+----------------+---------------+----------------+
| Name                                  | LUT              | LUTAsMem         | REG               | BRAM           | URAM          | DSP            |
+---------------------------------------+------------------+------------------+-------------------+----------------+---------------+----------------+
| Platform                              | 189335 [ 16.02%] |  19710 [  3.33%] |  235882 [  9.98%] |  214 [  9.91%] |  43 [  4.48%] |    3 [  0.04%] |
| User Budget                           | 992433 [100.00%] | 572130 [100.00%] | 2127654 [100.00%] | 1946 [100.00%] | 917 [100.00%] | 6837 [100.00%] |
|    Used Resources                     |   2197 [  0.22%] |    243 [  0.04%] |    3218 [  0.15%] |    3 [  0.15%] |   0 [  0.00%] |    4 [  0.06%] |
|    Unused Resources                   | 990236 [ 99.78%] | 571887 [ 99.96%] | 2124436 [ 99.85%] | 1943 [ 99.85%] | 917 [100.00%] | 6833 [ 99.94%] |
| bxy_ur_2_opt_accel_bxy_ur_2_opt_accel |   2197 [  0.22%] |    243 [  0.04%] |    3218 [  0.15%] |    3 [  0.15%] |   0 [  0.00%] |    4 [  0.06%] |
|    bxy_ur_2_opt_accel_1               |   2197 [  0.22%] |    243 [  0.04%] |    3218 [  0.15%] |    3 [  0.15%] |   0 [  0.00%] |    4 [  0.06%] |
+---------------------------------------+------------------+------------------+-------------------+----------------+---------------+----------------+


